  Running UnrealBuildTool: dotnet "..\..\Engine\Binaries\DotNET\UnrealBuildTool\UnrealBuildTool.dll" aEditor Win64 Development -Project="C:\Users\rlack\Documents\GitHub\BatteryCollecter\a.uproject" -WaitMutex -FromMsBuild
  Log file: C:\Users\rlack\AppData\Local\UnrealBuildTool\Log.txt
  Using 'git status' to determine working set for adaptive non-unity build (C:\Users\rlack\Documents\GitHub\BatteryCollecter).
  Creating makefile for aEditor (no existing makefile)
  Parsing headers for aEditor
    Running Internal UnrealHeaderTool C:\Users\rlack\Documents\GitHub\BatteryCollecter\a.uproject C:\Users\rlack\Documents\GitHub\BatteryCollecter\Intermediate\Build\Win64\aEditor\Development\aEditor.uhtmanifest -WarningsAsErrors -installed
  Total of 20 written
  Reflection code generated for aEditor in 2.5174701 seconds
  Building aEditor...
  Using Visual Studio 2022 14.38.33135 toolchain (C:\Program Files\Microsoft Visual Studio\2022\Community\VC\Tools\MSVC\14.38.33130) and Windows 10.0.22621.0 SDK (C:\Program Files (x86)\Windows Kits\10).
  Determining max actions to execute in parallel (6 physical cores, 6 logical cores)
    Executing up to 6 processes, one per physical core
    Requested 1.5 GB free memory per action, 7.97 GB available: limiting max parallel actions to 5
  Building 31 actions with 5 processes...
  [1/31] Resource Default.rc2
  [2/31] Resource Default.rc2
  [3/31] Resource Default.rc2
  [4/31] Compile SharedPCH.Engine.ShadowErrors.cpp
  [5/31] Compile GameInstanceBase.cpp
  [6/31] Compile GamePlay.cpp
  [7/31] Compile SaveGameData.gen.cpp
  [8/31] Compile aCharacter.gen.cpp
  [9/31] Compile GamePlay.init.gen.cpp
  [10/31] Compile MultiGameModeBase.gen.cpp
  [11/31] Compile PlayerControllerBase.cpp
  [12/31] Compile a.init.gen.cpp
  [13/31] Compile a.cpp
  [14/31] Compile PlayerControllerBase.gen.cpp
  [15/31] Compile UserWidgetBaseClass.gen.cpp
  [16/31] Compile Widget.cpp
  [17/31] Compile UserWidgetBaseClass.cpp
  [18/31] Compile SaveGameData.cpp
  [19/31] Compile MultiGameModeBase.cpp
  [20/31] Compile aGameMode.cpp
  [21/31] Compile Widget.init.gen.cpp
  [22/31] Link UnrealEditor-Widget.lib
     C:\Users\rlack\Documents\GitHub\BatteryCollecter\Intermediate\Build\Win64\UnrealEditor\Development\Widget\UnrealEditor-Widget.lib 라이브러리 및 C:\Users\rlack\Documents\GitHub\BatteryCollecter\Intermediate\Build\Win64\UnrealEditor\Development\Widget\UnrealEditor-Widget.exp 개체를 생성하고 있습니다.
  [23/31] Compile GameInstanceBase.gen.cpp
  [24/31] Link UnrealEditor-GamePlay.lib
     C:\Users\rlack\Documents\GitHub\BatteryCollecter\Intermediate\Build\Win64\UnrealEditor\Development\GamePlay\UnrealEditor-GamePlay.lib 라이브러리 및 C:\Users\rlack\Documents\GitHub\BatteryCollecter\Intermediate\Build\Win64\UnrealEditor\Development\GamePlay\UnrealEditor-GamePlay.exp 개체를 생성하고 있습니다.
  [25/31] Compile aGameMode.gen.cpp
  [26/31] Link UnrealEditor-Widget.dll
     C:\Users\rlack\Documents\GitHub\BatteryCollecter\Intermediate\Build\Win64\UnrealEditor\Development\Widget\UnrealEditor-Widget.suppressed.lib 라이브러리 및 C:\Users\rlack\Documents\GitHub\BatteryCollecter\Intermediate\Build\Win64\UnrealEditor\Development\Widget\UnrealEditor-Widget.suppressed.exp 개체를 생성하고 있습니다.
  [27/31] Link UnrealEditor-GamePlay.dll
     C:\Users\rlack\Documents\GitHub\BatteryCollecter\Intermediate\Build\Win64\UnrealEditor\Development\GamePlay\UnrealEditor-GamePlay.suppressed.lib 라이브러리 및 C:\Users\rlack\Documents\GitHub\BatteryCollecter\Intermediate\Build\Win64\UnrealEditor\Development\GamePlay\UnrealEditor-GamePlay.suppressed.exp 개체를 생성하고 있습니다.
  [28/31] Compile aCharacter.cpp
  [29/31] Link UnrealEditor-a.lib
     C:\Users\rlack\Documents\GitHub\BatteryCollecter\Intermediate\Build\Win64\UnrealEditor\Development\a\UnrealEditor-a.lib 라이브러리 및 C:\Users\rlack\Documents\GitHub\BatteryCollecter\Intermediate\Build\Win64\UnrealEditor\Development\a\UnrealEditor-a.exp 개체를 생성하고 있습니다.
  [30/31] Link UnrealEditor-a.dll
     C:\Users\rlack\Documents\GitHub\BatteryCollecter\Intermediate\Build\Win64\UnrealEditor\Development\a\UnrealEditor-a.suppressed.lib 라이브러리 및 C:\Users\rlack\Documents\GitHub\BatteryCollecter\Intermediate\Build\Win64\UnrealEditor\Development\a\UnrealEditor-a.suppressed.exp 개체를 생성하고 있습니다.
  [31/31] WriteMetadata aEditor.target
  Total time in Parallel executor: 57.60 seconds
  Total execution time: 63.66 seconds
